0 info it worked if it ends with ok
1 verbose cli [ '/usr/local/bin/node',
1 verbose cli   '/usr/local/bin/npm',
1 verbose cli   'install',
1 verbose cli   '--global',
1 verbose cli   'gulp' ]
2 info using npm@2.5.1
3 info using node@v0.12.1
4 silly cache add args [ 'gulp', null ]
5 verbose cache add spec gulp
6 silly cache add parsed spec { raw: 'gulp',
6 silly cache add   scope: null,
6 silly cache add   name: 'gulp',
6 silly cache add   rawSpec: '',
6 silly cache add   spec: '*',
6 silly cache add   type: 'range' }
7 verbose addNamed gulp@*
8 silly addNamed semver.valid null
9 silly addNamed semver.validRange *
10 silly addNameRange { name: 'gulp', range: '*', hasData: false }
11 silly mapToRegistry name gulp
12 silly mapToRegistry using default registry
13 silly mapToRegistry registry https://registry.npmjs.org/
14 silly mapToRegistry uri https://registry.npmjs.org/gulp
15 verbose addNameRange registry:https://registry.npmjs.org/gulp not in flight; fetching
16 verbose request uri https://registry.npmjs.org/gulp
17 verbose request no auth needed
18 info attempt registry request try #1 at 00:42:45
19 verbose request id 8ba157f72acdcc83
20 verbose etag "59H5529HNE0WTZQJXR2WVDCQA"
21 http request GET https://registry.npmjs.org/gulp
22 http 304 https://registry.npmjs.org/gulp
23 silly get cb [ 304,
23 silly get   { date: 'Fri, 22 Jan 2016 23:42:45 GMT',
23 silly get     via: '1.1 varnish',
23 silly get     'cache-control': 'max-age=300',
23 silly get     etag: '"59H5529HNE0WTZQJXR2WVDCQA"',
23 silly get     age: '199',
23 silly get     connection: 'keep-alive',
23 silly get     'x-served-by': 'cache-lcy1120-LCY',
23 silly get     'x-cache': 'HIT',
23 silly get     'x-cache-hits': '8',
23 silly get     'x-timer': 'S1453506165.736436,VS0,VE0',
23 silly get     vary: 'Accept' } ]
24 verbose etag https://registry.npmjs.org/gulp from cache
25 verbose get saving gulp to /home/matthieudelaro/.npm/registry.npmjs.org/gulp/.cache.json
26 silly addNameRange number 2 { name: 'gulp', range: '*', hasData: true }
27 silly addNameRange versions [ 'gulp',
27 silly addNameRange   [ '0.0.1',
27 silly addNameRange     '0.0.2',
27 silly addNameRange     '0.0.3',
27 silly addNameRange     '0.0.4',
27 silly addNameRange     '0.0.5',
27 silly addNameRange     '0.0.7',
27 silly addNameRange     '0.0.8',
27 silly addNameRange     '0.0.9',
27 silly addNameRange     '0.1.0',
27 silly addNameRange     '0.2.0',
27 silly addNameRange     '1.0.0',
27 silly addNameRange     '1.1.0',
27 silly addNameRange     '1.2.0',
27 silly addNameRange     '1.2.1',
27 silly addNameRange     '2.0.0',
27 silly addNameRange     '2.0.1',
27 silly addNameRange     '2.1.0',
27 silly addNameRange     '2.2.0',
27 silly addNameRange     '2.3.0',
27 silly addNameRange     '2.4.0',
27 silly addNameRange     '2.4.1',
27 silly addNameRange     '2.6.0',
27 silly addNameRange     '2.6.1',
27 silly addNameRange     '2.7.0',
27 silly addNameRange     '3.0.0',
27 silly addNameRange     '3.1.1',
27 silly addNameRange     '3.1.2',
27 silly addNameRange     '3.1.3',
27 silly addNameRange     '3.1.4',
27 silly addNameRange     '3.2.0',
27 silly addNameRange     '3.2.1',
27 silly addNameRange     '3.2.2',
27 silly addNameRange     '3.2.3',
27 silly addNameRange     '3.2.4',
27 silly addNameRange     '3.2.5',
27 silly addNameRange     '3.3.0',
27 silly addNameRange     '3.3.1',
27 silly addNameRange     '3.3.2',
27 silly addNameRange     '3.3.4',
27 silly addNameRange     '3.4.0',
27 silly addNameRange     '3.5.0',
27 silly addNameRange     '3.5.1',
27 silly addNameRange     '3.5.2',
27 silly addNameRange     '3.5.5',
27 silly addNameRange     '3.5.6',
27 silly addNameRange     '3.6.0',
27 silly addNameRange     '3.6.1',
27 silly addNameRange     '3.6.2',
27 silly addNameRange     '3.7.0',
27 silly addNameRange     '3.8.0',
27 silly addNameRange     '3.8.1',
27 silly addNameRange     '3.8.2',
27 silly addNameRange     '3.8.3',
27 silly addNameRange     '3.8.4',
27 silly addNameRange     '3.8.5',
27 silly addNameRange     '3.8.6',
27 silly addNameRange     '3.8.7',
27 silly addNameRange     '3.8.8',
27 silly addNameRange     '3.8.9',
27 silly addNameRange     '3.8.10',
27 silly addNameRange     '3.8.11',
27 silly addNameRange     '3.9.0' ] ]
28 verbose addNamed gulp@3.9.0
29 silly addNamed semver.valid 3.9.0
30 silly addNamed semver.validRange 3.9.0
31 silly cache afterAdd gulp@3.9.0
32 verbose afterAdd /home/matthieudelaro/.npm/gulp/3.9.0/package/package.json not in flight; writing
33 verbose afterAdd /home/matthieudelaro/.npm/gulp/3.9.0/package/package.json written
34 silly install resolved [ { name: 'gulp',
34 silly install resolved     description: 'The streaming build system',
34 silly install resolved     version: '3.9.0',
34 silly install resolved     homepage: 'http://gulpjs.com',
34 silly install resolved     repository: { type: 'git', url: 'git+https://github.com/gulpjs/gulp.git' },
34 silly install resolved     author:
34 silly install resolved      { name: 'Fractal',
34 silly install resolved        email: 'contact@wearefractal.com',
34 silly install resolved        url: 'http://wearefractal.com/' },
34 silly install resolved     tags: [ 'build', 'stream', 'system', 'make', 'tool', 'asset', 'pipeline' ],
34 silly install resolved     files: [ 'index.js', 'lib', 'bin', 'completion' ],
34 silly install resolved     bin: { gulp: './bin/gulp.js' },
34 silly install resolved     man: [ 'gulp.1' ],
34 silly install resolved     dependencies:
34 silly install resolved      { archy: '^1.0.0',
34 silly install resolved        chalk: '^1.0.0',
34 silly install resolved        deprecated: '^0.0.1',
34 silly install resolved        'gulp-util': '^3.0.0',
34 silly install resolved        interpret: '^0.6.2',
34 silly install resolved        liftoff: '^2.1.0',
34 silly install resolved        minimist: '^1.1.0',
34 silly install resolved        orchestrator: '^0.3.0',
34 silly install resolved        'pretty-hrtime': '^1.0.0',
34 silly install resolved        semver: '^4.1.0',
34 silly install resolved        tildify: '^1.0.0',
34 silly install resolved        v8flags: '^2.0.2',
34 silly install resolved        'vinyl-fs': '^0.3.0' },
34 silly install resolved     devDependencies:
34 silly install resolved      { coveralls: '^2.7.0',
34 silly install resolved        'graceful-fs': '^3.0.0',
34 silly install resolved        istanbul: '^0.3.0',
34 silly install resolved        jscs: '~1.12.0',
34 silly install resolved        jshint: '^2.5.0',
34 silly install resolved        'jshint-stylish': '^1.0.0',
34 silly install resolved        'marked-man': '^0.1.3',
34 silly install resolved        mkdirp: '^0.5.0',
34 silly install resolved        mocha: '^2.0.1',
34 silly install resolved        'mocha-lcov-reporter': '^0.0.1',
34 silly install resolved        q: '^1.0.0',
34 silly install resolved        rimraf: '^2.2.5',
34 silly install resolved        should: '^5.0.1' },
34 silly install resolved     scripts:
34 silly install resolved      { prepublish: 'marked-man --name gulp docs/CLI.md > gulp.1',
34 silly install resolved        lint: 'jshint lib bin test index.js --reporter node_modules/jshint-stylish/stylish.js --exclude node_modules && jscs lib bin test index.js',
34 silly install resolved        test: 'npm run-script lint && mocha --reporter spec',
34 silly install resolved        coveralls: 'istanbul cover _mocha --report lcovonly -- -R spec && cat ./coverage/lcov.info | coveralls && rm -rf ./coverage' },
34 silly install resolved     engines: { node: '>= 0.9' },
34 silly install resolved     license: 'MIT',
34 silly install resolved     gitHead: '657213a52d5e9c19b85df6a42f76341a98c08ae8',
34 silly install resolved     bugs: { url: 'https://github.com/gulpjs/gulp/issues' },
34 silly install resolved     _id: 'gulp@3.9.0',
34 silly install resolved     _shasum: 'cf1fba4cb558bb8c6ae6c9613f583ae2620d214a',
34 silly install resolved     _from: 'gulp@*',
34 silly install resolved     _npmVersion: '2.8.3',
34 silly install resolved     _nodeVersion: '0.10.36',
34 silly install resolved     _npmUser: { name: 'phated', email: 'blaine@iceddev.com' },
34 silly install resolved     maintainers: [ [Object], [Object] ],
34 silly install resolved     dist:
34 silly install resolved      { shasum: 'cf1fba4cb558bb8c6ae6c9613f583ae2620d214a',
34 silly install resolved        tarball: 'http://registry.npmjs.org/gulp/-/gulp-3.9.0.tgz' },
34 silly install resolved     directories: {},
34 silly install resolved     _resolved: 'https://registry.npmjs.org/gulp/-/gulp-3.9.0.tgz',
34 silly install resolved     readme: 'ERROR: No README data found!' } ]
35 info install gulp@3.9.0 into /usr/local/lib
36 info installOne gulp@3.9.0
37 verbose installOne of gulp to /usr/local/lib not in flight; installing
38 verbose lock using /home/matthieudelaro/.npm/_locks/gulp-709d00e5d169ceb3.lock for /usr/local/lib/node_modules/gulp
39 silly install write writing gulp 3.9.0 to /usr/local/lib/node_modules/gulp
40 silly cache addNamed cb gulp@3.9.0
41 verbose unbuild lib/node_modules/gulp
42 verbose gentlyRm vacuuming /usr/local/lib/node_modules/gulp
43 verbose tar unpack /home/matthieudelaro/.npm/gulp/3.9.0/package.tgz
44 verbose tar unpacking to /usr/local/lib/node_modules/gulp
45 verbose gentlyRm vacuuming /usr/local/lib/node_modules/gulp
46 silly gunzTarPerm modes [ '755', '644' ]
47 error tar.unpack untar error /home/matthieudelaro/.npm/gulp/3.9.0/package.tgz
48 verbose unlock done using /home/matthieudelaro/.npm/_locks/gulp-709d00e5d169ceb3.lock for /usr/local/lib/node_modules/gulp
49 verbose fstream_path /usr/local/lib/node_modules/gulp
50 verbose fstream_type Directory
51 verbose fstream_class DirWriter
52 verbose stack Error: EACCES, mkdir '/usr/local/lib/node_modules/gulp'
52 verbose stack     at Error (native)
53 verbose fstream_stack /usr/local/lib/node_modules/npm/node_modules/fstream/lib/dir-writer.js:36:23
53 verbose fstream_stack /usr/local/lib/node_modules/npm/node_modules/mkdirp/index.js:46:53
53 verbose fstream_stack FSReqWrap.oncomplete (fs.js:99:15)
54 verbose cwd /home/matthieudelaro/docker/chauffemarcel
55 error Linux 4.1.7-v7+
56 error argv "/usr/local/bin/node" "/usr/local/bin/npm" "install" "--global" "gulp"
57 error node v0.12.1
58 error npm  v2.5.1
59 error path /usr/local/lib/node_modules/gulp
60 error code EACCES
61 error errno -13
62 error Error: EACCES, mkdir '/usr/local/lib/node_modules/gulp'
62 error     at Error (native)
62 error  { [Error: EACCES, mkdir '/usr/local/lib/node_modules/gulp']
62 error   errno: -13,
62 error   code: 'EACCES',
62 error   path: '/usr/local/lib/node_modules/gulp',
62 error   fstream_type: 'Directory',
62 error   fstream_path: '/usr/local/lib/node_modules/gulp',
62 error   fstream_class: 'DirWriter',
62 error   fstream_stack:
62 error    [ '/usr/local/lib/node_modules/npm/node_modules/fstream/lib/dir-writer.js:36:23',
62 error      '/usr/local/lib/node_modules/npm/node_modules/mkdirp/index.js:46:53',
62 error      'FSReqWrap.oncomplete (fs.js:99:15)' ] }
63 error Please try running this command again as root/Administrator.
64 verbose exit [ -13, true ]
65 verbose unbuild lib/node_modules/gulp
66 verbose gentlyRm vacuuming /usr/local/lib/node_modules/gulp
